[login_bgf][login][INFO] Login script executed
[login_bgf][login][DEBUG] [검증] 비밀번호 필드 값: 1113
[login_bgf][login][INFO] Login succeeded
[popup_util][focus_popup][DEBUG] 팝업 탐색 오류 또는 미표시: Message: no such element: Unable to locate element: {"method":"xpath","selector":"//div[contains(text(), '재택 유선권장 안내')]"}
  (Session info: chrome=138.0.7204.101); For documentation on this error, please visit: https://www.selenium.dev/documentation/webdriver/troubleshooting/errors#no-such-element-exception
Stacktrace:
	GetHandleVerifier [0x0x7ff79303e925+77845]
	GetHandleVerifier [0x0x7ff79303e980+77936]
	(No symbol) [0x0x7ff792df9cda]
	(No symbol) [0x0x7ff792e506aa]
	(No symbol) [0x0x7ff792e5095c]
	(No symbol) [0x0x7ff792ea3d07]
	(No symbol) [0x0x7ff792e7890f]
	(No symbol) [0x0x7ff792ea0b07]
	(No symbol) [0x0x7ff792e786a3]
	(No symbol) [0x0x7ff792e41791]
	(No symbol) [0x0x7ff792e42523]
	GetHandleVerifier [0x0x7ff79331683d+3059501]
	GetHandleVerifier [0x0x7ff793310bfd+3035885]
	GetHandleVerifier [0x0x7ff7933303f0+3164896]
	GetHandleVerifier [0x0x7ff793058c2e+185118]
	GetHandleVerifier [0x0x7ff79306053f+216111]
	GetHandleVerifier [0x0x7ff7930472d4+113092]
	GetHandleVerifier [0x0x7ff793047489+113529]
	GetHandleVerifier [0x0x7ff79302e288+10616]
	BaseThreadInitThunk [0x0x7ff97bece8d7+23]
	RtlUserThreadStart [0x0x7ff97dcdc34c+44]

[popup_util][focus_popup][INFO] 팝업 감지됨: 엔터로 종료 시도
[popup_util][focus_popup][INFO] 엔터 키 전송 완료
[popup_util][focus_popup][DEBUG] 팝업이 더 이상 나타나지 않음
[popup_util][close][WARNING] '닫기' 요소 대기 실패: Message: 

[popup_util][close][INFO] 팝업 처리 결과: not found
[login_bgf][login][INFO] 팝업 모듈 종료: 다음 단계 진입
[convert_txt_to_excel][convert][INFO] 텍스트 파일 읽기 시도: c:\Users\kanur\OneDrive\문서\GitHub\aaa\code_outputs\250717.txt
[convert_txt_to_excel][convert][INFO] 84개 행 로드 완료
[convert_txt_to_excel][convert][INFO] 엑셀 파일 저장 위치: c:\Users\kanur\OneDrive\문서\GitHub\aaa\code_outputs\mid_excel\250717.xlsx
[convert_txt_to_excel][convert][INFO] 엑셀 파일 저장 완료
